Build started 10/10/2014 12:30:08 AM.
     1>Project "C:\Users\Nalta\Dropbox\Projects\Simulators\DataCommReceiver\DataCommReceiver.vcxproj" on node 2 (Build target(s)).
     1>ClCompile:
         C:\Program Files (x86)\Microsoft Visual Studio 11.0\VC\bin\CL.exe /c /ZI /nologo /W3 /WX- /Od /Oy- /D WIN32 /D _DEBUG /D _CONSOLE /D _UNICODE /D UNICODE /Gm /EHsc /RTC1 /MDd /GS /fp:precise /Zc:wchar_t /Zc:forScope /Fo"Debug\\" /Fd"Debug\vc110.pdb" /Gd /TP /analyze- /errorReport:prompt AMI_B8ZS_Dec.cpp
         AMI_B8ZS_Dec.cpp
       Link:
         C:\Program Files (x86)\Microsoft Visual Studio 11.0\VC\bin\link.exe /ERRORREPORT:PROMPT /OUT:"C:\Users\Nalta\Dropbox\Projects\Simulators\Debug\DataCommReceiver.exe" /INCREMENTAL /NOLOGO kernel32.lib user32.lib gdi32.lib winspool.lib comdlg32.lib advapi32.lib shell32.lib ole32.lib oleaut32.lib uuid.lib odbc32.lib odbccp32.lib /MANIFEST /MANIFESTUAC:"level='asInvoker' uiAccess='false'" /manifest:embed /DEBUG /PDB:"C:\Users\Nalta\Dropbox\Projects\Simulators\Debug\DataCommReceiver.pdb" /SUBSYSTEM:CONSOLE /TLBID:1 /DYNAMICBASE /NXCOMPAT /IMPLIB:"C:\Users\Nalta\Dropbox\Projects\Simulators\Debug\DataCommReceiver.lib" /MACHINE:X86 Debug\2B1Q_Dec.obj
         Debug\4B5BDecoder.obj
         Debug\AMI_B8ZS_Dec.obj
         Debug\AMI_Dec.obj
         Debug\AMI_HDB3_Dec.obj
         Debug\BlockDecoder.obj
         Debug\BlockPassDec.obj
         Debug\LineDecoder.obj
         Debug\main.obj
         Debug\MLT_3_Dec.obj
         Debug\NRZ_I_Dec.obj
         Debug\NRZ_L_Dec.obj
         Debug\Receiver.obj
         DataCommReceiver.vcxproj -> C:\Users\Nalta\Dropbox\Projects\Simulators\Debug\DataCommReceiver.exe
     1>Done Building Project "C:\Users\Nalta\Dropbox\Projects\Simulators\DataCommReceiver\DataCommReceiver.vcxproj" (Build target(s)).

Build succeeded.

Time Elapsed 00:00:02.07
