Build started 10/10/2014 12:21:04 AM.
     1>Project "C:\Users\Nalta\Dropbox\Projects\Simulators\DataCommTransmitter\DataCommTransmitter.vcxproj" on node 2 (Build target(s)).
     1>ClCompile:
         C:\Program Files (x86)\Microsoft Visual Studio 11.0\VC\bin\CL.exe /c /ZI /nologo /W3 /WX- /Od /Oy- /D WIN32 /D _DEBUG /D _CONSOLE /D _UNICODE /D UNICODE /Gm /EHsc /RTC1 /MDd /GS /fp:precise /Zc:wchar_t /Zc:forScope /Fo"Debug\\" /Fd"Debug\vc110.pdb" /Gd /TP /analyze- /errorReport:prompt 2B1Q_Enc.cpp AMI_Enc.cpp
         AMI_Enc.cpp
         2B1Q_Enc.cpp
     1>c:\users\nalta\dropbox\projects\simulators\datacommtransmitter\2b1q_enc.cpp(21): warning C4244: '*=' : conversion from 'double' to 'float', possible loss of data
         Generating Code...
       Link:
         C:\Program Files (x86)\Microsoft Visual Studio 11.0\VC\bin\link.exe /ERRORREPORT:PROMPT /OUT:"C:\Users\Nalta\Dropbox\Projects\Simulators\Debug\DataCommTransmitter.exe" /INCREMENTAL /NOLOGO kernel32.lib user32.lib gdi32.lib winspool.lib comdlg32.lib advapi32.lib shell32.lib ole32.lib oleaut32.lib uuid.lib odbc32.lib odbccp32.lib /MANIFEST /MANIFESTUAC:"level='asInvoker' uiAccess='false'" /manifest:embed /DEBUG /PDB:"C:\Users\Nalta\Dropbox\Projects\Simulators\Debug\DataCommTransmitter.pdb" /SUBSYSTEM:CONSOLE /TLBID:1 /DYNAMICBASE /NXCOMPAT /IMPLIB:"C:\Users\Nalta\Dropbox\Projects\Simulators\Debug\DataCommTransmitter.lib" /MACHINE:X86 Debug\4B5BEncoder.obj
         Debug\BlockEncoder.obj
         Debug\BlockPassEnc.obj
         Debug\LineEncoder.obj
         Debug\main.obj
         Debug\NRZ_L_Enc.obj
         Debug\2B1Q_Enc.obj
         Debug\AMI_B8ZS_Enc.obj
         Debug\AMI_Enc.obj
         Debug\MLT_3_Enc.obj
         Debug\NRZ_I_Enc.obj
         Debug\AMI_HDB3_Enc.obj
         Debug\Transmitter.obj
         DataCommTransmitter.vcxproj -> C:\Users\Nalta\Dropbox\Projects\Simulators\Debug\DataCommTransmitter.exe
     1>Done Building Project "C:\Users\Nalta\Dropbox\Projects\Simulators\DataCommTransmitter\DataCommTransmitter.vcxproj" (Build target(s)).

Build succeeded.

Time Elapsed 00:00:07.05
